<?xml version="1.0" encoding="UTF-8"?>
<testng-results skipped="0" failed="0" total="2" passed="2">
  <reporter-output>
  </reporter-output>
  <suite name="Command line suite" duration-ms="138388" started-at="2015-01-26T19:12:25Z" finished-at="2015-01-26T19:14:43Z">
    <groups>
    </groups>
    <test name="Command line test" duration-ms="138388" started-at="2015-01-26T19:12:25Z" finished-at="2015-01-26T19:14:43Z">
      <class name="pageobjecttestcases.LandingpageNavigationsTest">
        <test-method status="PASS" signature="Landingpagevalidaton()" name="Landingpagevalidaton" duration-ms="91451" started-at="2015-01-26T19:13:12Z" finished-at="2015-01-26T19:14:43Z">
        </test-method>
      </class>
      <class name="pageobjecttestcases.LandingPageValidationsTest">
        <test-method status="PASS" signature="Landingpagenavigation()" name="Landingpagenavigation" duration-ms="46913" started-at="2015-01-26T19:12:25Z" finished-at="2015-01-26T19:13:12Z">
        </test-method>
      </class>
    </test>
  </suite>
</testng-results>
