<?xml version="1.0" encoding="UTF-8"?>
<testng-results skipped="0" failed="0" total="2" passed="2">
  <reporter-output>
  </reporter-output>
  <suite name="Default suite" duration-ms="250417" started-at="2015-01-26T13:33:59Z" finished-at="2015-01-26T13:38:09Z">
    <groups>
    </groups>
    <test name="Default test" duration-ms="250417" started-at="2015-01-26T13:33:59Z" finished-at="2015-01-26T13:38:09Z">
      <class name="pageobjecttestcases.LandingpageNavigationsTest">
        <test-method status="PASS" signature="Landingpagevalidaton()[pri:0, instance:pageobjecttestcases.LandingpageNavigationsTest@3ec76887]" name="Landingpagevalidaton" duration-ms="136562" started-at="2015-01-26T19:05:53Z" finished-at="2015-01-26T19:08:09Z">
          <reporter-output>
          </reporter-output>
        </test-method> <!-- Landingpagevalidaton -->
      </class> <!-- pageobjecttestcases.LandingpageNavigationsTest -->
      <class name="pageobjecttestcases.LandingPageValidationsTest">
        <test-method status="PASS" signature="Landingpagenavigation()[pri:0, instance:pageobjecttestcases.LandingPageValidationsTest@4a4802af]" name="Landingpagenavigation" duration-ms="113799" started-at="2015-01-26T19:03:59Z" finished-at="2015-01-26T19:05:53Z">
          <reporter-output>
          </reporter-output>
        </test-method> <!-- Landingpagenavigation -->
      </class> <!-- pageobjecttestcases.LandingPageValidationsTest -->
    </test> <!-- Default test -->
  </suite> <!-- Default suite -->
</testng-results>
