<?xml version="1.0" encoding="UTF-8"?>
<!-- Generated by org.testng.reporters.JUnitXMLReporter -->
<testsuite hostname="Venkatesh-pc" name="Default test" tests="2" failures="0" timestamp="26 Jan 2015 13:38:09 GMT" time="250.417" errors="0">
  <testcase name="Landingpagenavigation" time="113.799" classname="pageobjecttestcases.LandingPageValidationsTest"/>
  <testcase name="Landingpagevalidaton" time="136.562" classname="pageobjecttestcases.LandingpageNavigationsTest"/>
</testsuite> <!-- Default test -->
